Flutter crash report.
Please report a bug at https://github.com/flutter/flutter/issues.

## command

flutter --verbose assemble --no-version-check --output=/Users/yugo.a.sugiyama/Library/Developer/Xcode/DerivedData/FlutterKaigiSlide-cttscusdehvqfwcyzuopldmpzlmo/Build/Intermediates.noindex/Previews/macos/FlutterKaigiSlide/Products/Debug/ -dTargetPlatform=ios -dTargetFile=lib/main.dart -dBuildMode=debug -dIosArchs=arm64 -dSdkRoot=/Applications/Xcode16.1.app/Contents/Developer/Platforms/MacOSX.platform/Developer/SDKs/MacOSX15.1.sdk -dSplitDebugInfo= -dTreeShakeIcons=false -dTrackWidgetCreation=true -dDartObfuscation=false -dAction=build -dFrontendServerStarterPath= --ExtraGenSnapshotOptions= --DartDefines= --ExtraFrontEndOptions= -dCodesignIdentity=A2A0855C22C29824AB1981F22E74DB5B22299E4C debug_ios_bundle_flutter_assets

## exception

_TypeError: Null check operator used on a null value

```
#0      NativeAssets._buildIOS (package:flutter_tools/src/build_system/targets/native_assets.dart:291:68)
#1      NativeAssets.build (package:flutter_tools/src/build_system/targets/native_assets.dart:85:32)
<asynchronous suspension>
#2      _BuildInstance._invokeInternal (package:flutter_tools/src/build_system/build_system.dart:875:9)
<asynchronous suspension>
#3      Future.wait.<anonymous closure> (dart:async/future.dart:534:21)
<asynchronous suspension>
#4      _BuildInstance.invokeTarget (package:flutter_tools/src/build_system/build_system.dart:813:32)
<asynchronous suspension>
#5      Future.wait.<anonymous closure> (dart:async/future.dart:534:21)
<asynchronous suspension>
#6      _BuildInstance.invokeTarget (package:flutter_tools/src/build_system/build_system.dart:813:32)
<asynchronous suspension>
#7      Future.wait.<anonymous closure> (dart:async/future.dart:534:21)
<asynchronous suspension>
#8      _BuildInstance.invokeTarget (package:flutter_tools/src/build_system/build_system.dart:813:32)
<asynchronous suspension>
#9      FlutterBuildSystem.build (package:flutter_tools/src/build_system/build_system.dart:635:16)
<asynchronous suspension>
#10     AssembleCommand.runCommand (package:flutter_tools/src/commands/assemble.dart:328:32)
<asynchronous suspension>
#11     FlutterCommand.run.<anonymous closure> (package:flutter_tools/src/runner/flutter_command.dart:1408:27)
<asynchronous suspension>
#12     AppContext.run.<anonymous closure> (package:flutter_tools/src/base/context.dart:153:19)
<asynchronous suspension>
#13     CommandRunner.runCommand (package:args/command_runner.dart:212:13)
<asynchronous suspension>
#14     FlutterCommandRunner.runCommand.<anonymous closure> (package:flutter_tools/src/runner/flutter_command_runner.dart:420:9)
<asynchronous suspension>
#15     AppContext.run.<anonymous closure> (package:flutter_tools/src/base/context.dart:153:19)
<asynchronous suspension>
#16     FlutterCommandRunner.runCommand (package:flutter_tools/src/runner/flutter_command_runner.dart:364:5)
<asynchronous suspension>
#17     run.<anonymous closure>.<anonymous closure> (package:flutter_tools/runner.dart:130:9)
<asynchronous suspension>
#18     AppContext.run.<anonymous closure> (package:flutter_tools/src/base/context.dart:153:19)
<asynchronous suspension>
#19     main (package:flutter_tools/executable.dart:93:3)
<asynchronous suspension>
```

## flutter doctor

```
[!] Flutter (Channel stable, 3.24.3, on macOS 14.5 23F79 darwin-arm64, locale ja-JP)
    • Flutter version 3.24.3 on channel stable at /Users/yugo.a.sugiyama/fvm/versions/3.24.3
    ! The flutter binary is not on your path. Consider adding /Users/yugo.a.sugiyama/fvm/versions/3.24.3/bin to your path.
    ! The dart binary is not on your path. Consider adding /Users/yugo.a.sugiyama/fvm/versions/3.24.3/bin to your path.
    • Upstream repository https://github.com/flutter/flutter.git
    • Framework revision 2663184aa7 (8 weeks ago), 2024-09-11 16:27:48 -0500
    • Engine revision 36335019a8
    • Dart version 3.5.3
    • DevTools version 2.37.3
    • If those were intentional, you can disregard the above warnings; however it is recommended to use "git" directly to perform update checks and upgrades.

[✓] Android toolchain - develop for Android devices (Android SDK version 34.0.0)
    • Android SDK at /Users/yugo.a.sugiyama/Library/Android/sdk
    • Platform android-35, build-tools 34.0.0
    • Java binary at: /Applications/Android Studio.app/Contents/jbr/Contents/Home/bin/java
    • Java version OpenJDK Runtime Environment (build 17.0.9+0-17.0.9b1087.7-11185874)
    • All Android licenses accepted.

[!] Xcode - develop for iOS and macOS (Xcode 16.1)
    • Xcode at /Applications/Xcode16.1.app/Contents/Developer
    • Build 16B40
    ✗ CocoaPods not installed.
        CocoaPods is a package manager for iOS or macOS platform code.
        Without CocoaPods, plugins will not work on iOS or macOS.
        For more info, see https://flutter.dev/to/platform-plugins
      For installation instructions, see https://guides.cocoapods.org/using/getting-started.html#installation

[✓] Chrome - develop for the web
    • Chrome at /Applications/Google Chrome.app/Contents/MacOS/Google Chrome

[✓] Android Studio (version 2023.2)
    • Android Studio at /Applications/Android Studio.app/Contents
    • Flutter plugin can be installed from:
      🔨 https://plugins.jetbrains.com/plugin/9212-flutter
    • Dart plugin can be installed from:
      🔨 https://plugins.jetbrains.com/plugin/6351-dart
    • Java version OpenJDK Runtime Environment (build 17.0.9+0-17.0.9b1087.7-11185874)

[✓] VS Code (version 1.95.1)
    • VS Code at /Applications/Visual Studio Code.app/Contents
    • Flutter extension version 3.100.0

[✓] Connected device (9 available)
    • Pixel 7a (mobile)               • 33241JEHN08683                       • android-arm64  • Android 14 (API 34)
    • Yugos-iPhone15Pro (mobile)      • 00008130-000241581803401C            • ios            • iOS 18.0.1 22A3370
    • Yugos-iPadAir4 (mobile)         • 00008101-000C589836E1001E            • ios            • iOS 18.2 22C5125e
    • dena-iPhoneSE3 (mobile)         • 00008110-000271640188201E            • ios            • iOS 17.6.1 21G93
    • iPhone 15 Pro (mobile)          • C62F1CB0-A05A-4013-98B9-E74A48315C1C • ios            • com.apple.CoreSimulator.SimRuntime.iOS-17-0 (simulator)
    • iPad Pro 13-inch (M4) (mobile)  • 5E30C3B2-21C1-4E7B-B64C-377A2AE53754 • ios            • com.apple.CoreSimulator.SimRuntime.iOS-17-5 (simulator)
    • macOS (desktop)                 • macos                                • darwin-arm64   • macOS 14.5 23F79 darwin-arm64
    • Mac Designed for iPad (desktop) • mac-designed-for-ipad                • darwin         • macOS 14.5 23F79 darwin-arm64
    • Chrome (web)                    • chrome                               • web-javascript • Google Chrome 130.0.6723.117
    ! Error: Browsing on the local area network for あいぽん. Ensure the device is unlocked and attached with a cable or associated with the same local area network as this Mac.
      The device must be opted into Developer Mode to connect wirelessly. (code -27)
    ! Error: Browsing on the local area network for Yugos-VisionPro. Ensure the device is unlocked and attached with a cable or associated with the same local area network as this Mac. (code -27)

[✓] Network resources
    • All expected network resources are available.

! Doctor found issues in 2 categories.
```
